<?xml version="1.0" encoding="UTF-8"?>
<!-- Generated by org.testng.reporters.JUnitReportReporter -->
<testsuite hostname="dluskakk358121" name="testCases.ExecuteTest" tests="2" failures="0" timestamp="30 Sep 2015 15:19:25 GMT" time="11.750" errors="0">
  <testcase name="TestDetails" time="11.273" classname="testCases.ExecuteTest"/>
  <testcase name="SuiteDetails" time="0.477" classname="testCases.ExecuteTest"/>
</testsuite> <!-- testCases.ExecuteTest -->
